<?xml version="1.0" encoding="UTF-8"?>
<!-- Generated by org.testng.reporters.JUnitXMLReporter -->
<testsuite ignored="0" hostname="DESKTOP-S7CST43" failures="1" tests="1" name="edgeTest" time="0.153" errors="0" timestamp="2024-10-12T00:47:20 EDT">
  <testcase classname="testCases.TC01_AccountRegistrationTest" name="verifyAccountCreated" time="0.055">
    <failure type="java.lang.NullPointerException" message="Cannot invoke &amp;quot;org.apache.logging.log4j.Logger.debug(String)&amp;quot; because &amp;quot;this.logger&amp;quot; is null">
      <![CDATA[java.lang.NullPointerException: Cannot invoke "org.apache.logging.log4j.Logger.debug(String)" because "this.logger" is null
at testCases.TC01_AccountRegistrationTest.verifyAccountCreated(TC01_AccountRegistrationTest.java:22)
at java.base/java.util.ArrayList.forEach(ArrayList.java:1511)
at java.base/java.util.concurrent.FutureTask.run(FutureTask.java:264)
at java.base/java.util.concurrent.ThreadPoolExecutor.runWorker(ThreadPoolExecutor.java:1136)
at java.base/java.util.concurrent.ThreadPoolExecutor$Worker.run(ThreadPoolExecutor.java:635)
at java.base/java.lang.Thread.run(Thread.java:840)
... Removed 17 stack frames]]>
    </failure>
  </testcase> <!-- verifyAccountCreated -->
</testsuite> <!-- edgeTest -->
