<?xml version="1.0" encoding="UTF-8"?>
<testng-results ignored="0" total="2" passed="2" failed="0" skipped="0">
  <reporter-output>
  </reporter-output>
  <suite started-at="2024-10-14T11:07:59 EDT" name="Suite" finished-at="2024-10-14T11:08:14 EDT" duration-ms="15332">
    <groups>
      <group name="sanity">
        <method signature="TC01_AccountRegistrationTest.verifyAccountCreated()[pri:0, instance:testCases.TC01_AccountRegistrationTest@6f89292e]" name="verifyAccountCreated" class="testCases.TC01_AccountRegistrationTest"/>
        <method signature="TC01_AccountRegistrationTest.verifyAccountCreated()[pri:0, instance:testCases.TC01_AccountRegistrationTest@7fef0b40]" name="verifyAccountCreated" class="testCases.TC01_AccountRegistrationTest"/>
      </group> <!-- sanity -->
    </groups>
    <test started-at="2024-10-14T11:07:59 EDT" name="FirefoXTest" finished-at="2024-10-14T11:08:13 EDT" duration-ms="14479">
      <class name="testCases.TC01_AccountRegistrationTest">
        <test-method is-config="true" signature="setup(java.lang.String,java.lang.String)[pri:0, instance:testCases.TC01_AccountRegistrationTest@7fef0b40]" started-at="2024-10-14T11:07:59 EDT" name="setup" finished-at="2024-10-14T11:08:04 EDT" duration-ms="5282" status="PASS">
          <params>
            <param index="0">
              <value>
                <![CDATA[Windows]]>
              </value>
            </param>
            <param index="1">
              <value>
                <![CDATA[FirefoX]]>
              </value>
            </param>
          </params>
          <reporter-output>
          </reporter-output>
        </test-method> <!-- setup -->
        <test-method signature="verifyAccountCreated()[pri:0, instance:testCases.TC01_AccountRegistrationTest@7fef0b40]" started-at="2024-10-14T11:08:04 EDT" name="verifyAccountCreated" finished-at="2024-10-14T11:08:11 EDT" duration-ms="6695" status="PASS">
          <reporter-output>
          </reporter-output>
        </test-method> <!-- verifyAccountCreated -->
        <test-method is-config="true" signature="tear()[pri:0, instance:testCases.TC01_AccountRegistrationTest@7fef0b40]" started-at="2024-10-14T11:08:11 EDT" name="tear" finished-at="2024-10-14T11:08:13 EDT" duration-ms="2435" status="PASS">
          <reporter-output>
          </reporter-output>
        </test-method> <!-- tear -->
      </class> <!-- testCases.TC01_AccountRegistrationTest -->
    </test> <!-- FirefoXTest -->
    <test started-at="2024-10-14T11:07:59 EDT" name="chromeTest" finished-at="2024-10-14T11:08:14 EDT" duration-ms="15332">
      <class name="testCases.TC01_AccountRegistrationTest">
        <test-method is-config="true" signature="setup(java.lang.String,java.lang.String)[pri:0, instance:testCases.TC01_AccountRegistrationTest@6f89292e]" started-at="2024-10-14T11:07:59 EDT" name="setup" finished-at="2024-10-14T11:08:04 EDT" duration-ms="5537" status="PASS">
          <params>
            <param index="0">
              <value>
                <![CDATA[Linux]]>
              </value>
            </param>
            <param index="1">
              <value>
                <![CDATA[chrome]]>
              </value>
            </param>
          </params>
          <reporter-output>
          </reporter-output>
        </test-method> <!-- setup -->
        <test-method signature="verifyAccountCreated()[pri:0, instance:testCases.TC01_AccountRegistrationTest@6f89292e]" started-at="2024-10-14T11:08:04 EDT" name="verifyAccountCreated" finished-at="2024-10-14T11:08:10 EDT" duration-ms="5803" status="PASS">
          <reporter-output>
          </reporter-output>
        </test-method> <!-- verifyAccountCreated -->
        <test-method is-config="true" signature="tear()[pri:0, instance:testCases.TC01_AccountRegistrationTest@6f89292e]" started-at="2024-10-14T11:08:10 EDT" name="tear" finished-at="2024-10-14T11:08:14 EDT" duration-ms="3944" status="PASS">
          <reporter-output>
          </reporter-output>
        </test-method> <!-- tear -->
      </class> <!-- testCases.TC01_AccountRegistrationTest -->
    </test> <!-- chromeTest -->
  </suite> <!-- Suite -->
</testng-results>
