<?xml version="1.0" encoding="UTF-8"?>
<testng-results ignored="0" total="1" passed="1" failed="0" skipped="0">
  <reporter-output>
  </reporter-output>
  <suite started-at="2024-10-14T02:54:57 EDT" name="Suite" finished-at="2024-10-14T02:55:03 EDT" duration-ms="5755">
    <groups>
      <group name="sanity">
        <method signature="TC01_AccountRegistrationTest.verifyAccountCreated()[pri:0, instance:testCases.TC01_AccountRegistrationTest@2b289ac9]" name="verifyAccountCreated" class="testCases.TC01_AccountRegistrationTest"/>
      </group> <!-- sanity -->
    </groups>
    <test started-at="2024-10-14T02:54:57 EDT" name="chromeTest" finished-at="2024-10-14T02:55:03 EDT" duration-ms="5755">
      <class name="testCases.TC01_AccountRegistrationTest">
        <test-method is-config="true" signature="setup(java.lang.String,java.lang.String)[pri:0, instance:testCases.TC01_AccountRegistrationTest@2b289ac9]" started-at="2024-10-14T02:54:57 EDT" name="setup" finished-at="2024-10-14T02:55:00 EDT" duration-ms="3300" status="PASS">
          <params>
            <param index="0">
              <value>
                <![CDATA[Windows]]>
              </value>
            </param>
            <param index="1">
              <value>
                <![CDATA[chrome]]>
              </value>
            </param>
          </params>
          <reporter-output>
          </reporter-output>
        </test-method> <!-- setup -->
        <test-method signature="verifyAccountCreated()[pri:0, instance:testCases.TC01_AccountRegistrationTest@2b289ac9]" started-at="2024-10-14T02:55:00 EDT" name="verifyAccountCreated" finished-at="2024-10-14T02:55:01 EDT" duration-ms="139" status="PASS">
          <reporter-output>
          </reporter-output>
        </test-method> <!-- verifyAccountCreated -->
        <test-method is-config="true" signature="tear()[pri:0, instance:testCases.TC01_AccountRegistrationTest@2b289ac9]" started-at="2024-10-14T02:55:01 EDT" name="tear" finished-at="2024-10-14T02:55:03 EDT" duration-ms="2252" status="PASS">
          <reporter-output>
          </reporter-output>
        </test-method> <!-- tear -->
      </class> <!-- testCases.TC01_AccountRegistrationTest -->
    </test> <!-- chromeTest -->
  </suite> <!-- Suite -->
</testng-results>
